<?xml version="1.0" encoding="UTF-8"?>
<testng-results ignored="0" total="2" passed="2" failed="0" skipped="0">
  <reporter-output>
  </reporter-output>
  <suite started-at="2023-04-20T00:44:48 IST" name="Default suite" finished-at="2023-04-20T00:45:04 IST" duration-ms="16703">
    <groups>
      <group name="cucumber">
        <method signature="AbstractTestNGCucumberTests.runScenario(io.cucumber.testng.PickleWrapper,io.cucumber.testng.FeatureWrapper)[pri:0, instance:com.asses.runner.TestsRunner@506ae4d4]" name="runScenario" class="io.cucumber.testng.AbstractTestNGCucumberTests"/>
      </group> <!-- cucumber -->
    </groups>
    <test started-at="2023-04-20T00:44:48 IST" name="Default test" finished-at="2023-04-20T00:45:04 IST" duration-ms="16703">
      <class name="com.asses.runner.TestsRunner">
        <test-method is-config="true" signature="setUpClass(org.testng.ITestContext)[pri:0, instance:com.asses.runner.TestsRunner@506ae4d4]" started-at="2023-04-20T00:44:48 IST" name="setUpClass" finished-at="2023-04-20T00:44:48 IST" duration-ms="287" status="PASS">
          <params>
            <param index="0">
              <value>
                <![CDATA[org.testng.TestRunner@2ae62bb6]]>
              </value>
            </param>
          </params>
          <reporter-output>
          </reporter-output>
        </test-method> <!-- setUpClass -->
        <test-method signature="runScenario(io.cucumber.testng.PickleWrapper,io.cucumber.testng.FeatureWrapper)[pri:0, instance:com.asses.runner.TestsRunner@506ae4d4]" started-at="2023-04-20T00:44:48 IST" name="runScenario" description="Runs Cucumber Scenarios" data-provider="scenarios" finished-at="2023-04-20T00:44:58 IST" duration-ms="10360" status="PASS">
          <params>
            <param index="0">
              <value>
                <![CDATA["Verification of Home Page"]]>
              </value>
            </param>
            <param index="1">
              <value>
                <![CDATA["To validate the Home Page content of https://reqres.in/."]]>
              </value>
            </param>
          </params>
          <reporter-output>
          </reporter-output>
        </test-method> <!-- runScenario -->
        <test-method signature="runScenario(io.cucumber.testng.PickleWrapper,io.cucumber.testng.FeatureWrapper)[pri:0, instance:com.asses.runner.TestsRunner@506ae4d4]" started-at="2023-04-20T00:44:58 IST" name="runScenario" description="Runs Cucumber Scenarios" data-provider="scenarios" finished-at="2023-04-20T00:45:04 IST" duration-ms="5994" status="PASS">
          <params>
            <param index="0">
              <value>
                <![CDATA["Verify Support page"]]>
              </value>
            </param>
            <param index="1">
              <value>
                <![CDATA["To validate the Home Page content of https://reqres.in/."]]>
              </value>
            </param>
          </params>
          <reporter-output>
          </reporter-output>
        </test-method> <!-- runScenario -->
        <test-method is-config="true" signature="tearDownClass()[pri:0, instance:com.asses.runner.TestsRunner@506ae4d4]" started-at="2023-04-20T00:45:04 IST" name="tearDownClass" finished-at="2023-04-20T00:45:04 IST" duration-ms="20" status="PASS">
          <reporter-output>
          </reporter-output>
        </test-method> <!-- tearDownClass -->
      </class> <!-- com.asses.runner.TestsRunner -->
    </test> <!-- Default test -->
  </suite> <!-- Default suite -->
</testng-results>
